<?xml version="1.0" encoding="utf-8"?><testsuites name="pytest tests"><testsuite name="pytest" errors="0" failures="0" skipped="0" tests="14" time="0.712" timestamp="2026-02-06T16:28:52.712960+00:00" hostname="agent-env-db98a14c-81e1-4600-85b8-450ceb4182a6"><testcase classname="backend.tests.test_planner_features.TestOfficialProjects" name="test_projects_endpoint_returns_3_projects_grade1" time="0.057" /><testcase classname="backend.tests.test_planner_features.TestOfficialProjects" name="test_projects_have_valid_ids" time="0.033" /><testcase classname="backend.tests.test_planner_features.TestSpecificObjectives" name="test_objectives_generated_for_all_5_skills" time="0.036" /><testcase classname="backend.tests.test_planner_features.TestSpecificObjectives" name="test_objectives_are_meaningful" time="0.041" /><testcase classname="backend.tests.test_planner_features.TestProjectInGeneration" name="test_project_included_in_response_when_selected" time="0.040" /><testcase classname="backend.tests.test_planner_features.TestProjectInGeneration" name="test_project_not_included_when_not_selected" time="0.036" /><testcase classname="backend.tests.test_planner_features.TestProjectInGeneration" name="test_different_project_selection" time="0.034" /><testcase classname="backend.tests.test_planner_features.TestDocxExport" name="test_docx_export_with_project" time="0.088" /><testcase classname="backend.tests.test_planner_features.TestDocxExport" name="test_docx_export_without_project" time="0.080" /><testcase classname="backend.tests.test_planner_features.TestLessonPlanners" name="test_5_lesson_planners_generated" time="0.032" /><testcase classname="backend.tests.test_planner_features.TestAPIEndpoints" name="test_root_endpoint" time="0.035" /><testcase classname="backend.tests.test_planner_features.TestAPIEndpoints" name="test_grades_endpoint" time="0.033" /><testcase classname="backend.tests.test_planner_features.TestAPIEndpoints" name="test_scenarios_endpoint" time="0.031" /><testcase classname="backend.tests.test_planner_features.TestAPIEndpoints" name="test_themes_endpoint" time="0.030" /></testsuite></testsuites>