<?xml version="1.0" encoding="utf-8"?><testsuites name="pytest tests"><testsuite name="pytest" errors="0" failures="0" skipped="0" tests="14" time="0.910" timestamp="2026-02-03T19:03:56.270643+00:00" hostname="agent-env-ab4152c9-66fe-4cd9-935a-7017a3a20bf9"><testcase classname="backend.tests.test_planner_features.TestOfficialProjects" name="test_projects_endpoint_returns_3_projects_grade1" time="0.091" /><testcase classname="backend.tests.test_planner_features.TestOfficialProjects" name="test_projects_have_valid_ids" time="0.039" /><testcase classname="backend.tests.test_planner_features.TestSpecificObjectives" name="test_objectives_generated_for_all_5_skills" time="0.039" /><testcase classname="backend.tests.test_planner_features.TestSpecificObjectives" name="test_objectives_are_meaningful" time="0.039" /><testcase classname="backend.tests.test_planner_features.TestProjectInGeneration" name="test_project_included_in_response_when_selected" time="0.040" /><testcase classname="backend.tests.test_planner_features.TestProjectInGeneration" name="test_project_not_included_when_not_selected" time="0.040" /><testcase classname="backend.tests.test_planner_features.TestProjectInGeneration" name="test_different_project_selection" time="0.041" /><testcase classname="backend.tests.test_planner_features.TestDocxExport" name="test_docx_export_with_project" time="0.080" /><testcase classname="backend.tests.test_planner_features.TestDocxExport" name="test_docx_export_without_project" time="0.058" /><testcase classname="backend.tests.test_planner_features.TestLessonPlanners" name="test_5_lesson_planners_generated" time="0.042" /><testcase classname="backend.tests.test_planner_features.TestAPIEndpoints" name="test_root_endpoint" time="0.041" /><testcase classname="backend.tests.test_planner_features.TestAPIEndpoints" name="test_grades_endpoint" time="0.081" /><testcase classname="backend.tests.test_planner_features.TestAPIEndpoints" name="test_scenarios_endpoint" time="0.042" /><testcase classname="backend.tests.test_planner_features.TestAPIEndpoints" name="test_themes_endpoint" time="0.040" /></testsuite></testsuites>